Using pre-set license
Built from '2020.2/release' branch; Version is '2020.2.4f1 (becced5a802b) revision 12504301'; Using compiler version '192528614'; Build Type 'Release'
OS: 'Windows 10 Home; OS build 19044.1889; Version 2009; 64bit' Language: 'en' Physical Memory: 8078 MB
BatchMode: 1, IsHumanControllingUs: 0, StartBugReporterOnCrash: 0, Is64bit: 1, IsPro: 0

 COMMAND LINE ARGUMENTS:
C:\Program Files\Unity\Hub\Editor\2020.2.4f1\Editor\Unity.exe
-adb2
-batchMode
-noUpm
-name
AssetImportWorker0
-projectPath
C:/Users/Si Qi/Desktop/git proj/minimalistgame/minimalist_casualgame
-logFile
Logs/AssetImportWorker0.log
-srvPort
60752
Successfully changed project path to: C:/Users/Si Qi/Desktop/git proj/minimalistgame/minimalist_casualgame
C:/Users/Si Qi/Desktop/git proj/minimalistgame/minimalist_casualgame
Using Asset Import Pipeline V2.
Refreshing native plugins compatible for Editor in 44.71 ms, found 1 plugins.
Preloading 0 native plugins for Editor in 0.00 ms.
Initialize engine version: 2020.2.4f1 (becced5a802b)
[Subsystems] Discovering subsystems at path C:/Program Files/Unity/Hub/Editor/2020.2.4f1/Editor/Data/Resources/UnitySubsystems
[Subsystems] Discovering subsystems at path C:/Users/Si Qi/Desktop/git proj/minimalistgame/minimalist_casualgame/Assets
GfxDevice: creating device client; threaded=0
Direct3D:
    Version:  Direct3D 11.0 [level 11.0]
    Renderer: NVIDIA GeForce 940MX (ID=0x134d)
    Vendor:   
    VRAM:     2010 MB
    Driver:   27.21.14.5167
Initialize mono
Mono path[0] = 'C:/Program Files/Unity/Hub/Editor/2020.2.4f1/Editor/Data/Managed'
Mono path[1] = 'C:/Program Files/Unity/Hub/Editor/2020.2.4f1/Editor/Data/MonoBleedingEdge/lib/mono/unityjit'
Mono config path = 'C:/Program Files/Unity/Hub/Editor/2020.2.4f1/Editor/Data/MonoBleedingEdge/etc'
Using monoOptions --debugger-agent=transport=dt_socket,embedding=1,server=y,suspend=n,address=127.0.0.1:56436
Begin MonoManager ReloadAssembly
Registering precompiled unity dll's ...
Register platform support module: C:/Program Files/Unity/Hub/Editor/2020.2.4f1/Editor/Data/PlaybackEngines/WebGLSupport/UnityEditor.WebGL.Extensions.dll
Register platform support module: C:/Program Files/Unity/Hub/Editor/2020.2.4f1/Editor/Data/PlaybackEngines/MacStandaloneSupport/UnityEditor.OSXStandalone.Extensions.dll
Register platform support module: C:/Program Files/Unity/Hub/Editor/2020.2.4f1/Editor/Data/PlaybackEngines/WindowsStandaloneSupport/UnityEditor.WindowsStandalone.Extensions.dll
Registered in 0.003713 seconds.
Native extension for WindowsStandalone target not found
Native extension for OSXStandalone target not found
Native extension for WebGL target not found
Refreshing native plugins compatible for Editor in 38.67 ms, found 1 plugins.
Preloading 0 native plugins for Editor in 0.00 ms.
Invoked RoslynAnalysisRunner static constructor.
RoslynAnalysisRunner will not be running.
RoslynAnalysisRunner has terminated.
Mono: successfully reloaded assembly
- Completed reload, in  8.192 seconds
Platform modules already initialized, skipping
Registering precompiled user dll's ...
Registered in 0.001278 seconds.
Begin MonoManager ReloadAssembly
Native extension for WindowsStandalone target not found
Native extension for OSXStandalone target not found
Native extension for WebGL target not found
Refreshing native plugins compatible for Editor in 42.33 ms, found 1 plugins.
Preloading 0 native plugins for Editor in 0.00 ms.
Invoked RoslynAnalysisRunner static constructor.
RoslynAnalysisRunner will not be running.
RoslynAnalysisRunner has terminated.
Mono: successfully reloaded assembly
- Completed reload, in  1.673 seconds
Platform modules already initialized, skipping
========================================================================
Worker process is ready to serve import requests
Launched and connected shader compiler UnityShaderCompiler.exe after 0.15 seconds
Refreshing native plugins compatible for Editor in 0.46 ms, found 1 plugins.
Preloading 0 native plugins for Editor in 0.00 ms.
Unloading 1816 Unused Serialized files (Serialized files now loaded: 0)
System memory in use before: 103.8 MB.
System memory in use after: 103.8 MB.

Unloading 26 unused Assets to reduce memory usage. Loaded Objects now: 2276.
Total: 3.066000 ms (FindLiveObjects: 0.260800 ms CreateObjectMapping: 0.069900 ms MarkObjects: 2.578700 ms  DeleteObjects: 0.154800 ms)

========================================================================
Received Import Request.
  path: Assets/Scenes
  artifactKey: Guid(7f5aaa0260cc74148a24299c287f9d77) Importer(815301076,1909f56bfc062723c751e8b465ee728b)
Start importing Assets/Scenes using Guid(7f5aaa0260cc74148a24299c287f9d77) Importer(815301076,1909f56bfc062723c751e8b465ee728b)  -> (artifact id: '9fcbf809a41e01447a8eca3fbfa38b96') in 0.011324 seconds
  Import took 0.016862 seconds .

========================================================================
Received Import Request.
  Time since last request: 0.000802 seconds.
  path: Assets/sharebutton.cs
  artifactKey: Guid(6ca752925acfb7d4cbc14d8e9833aa88) Importer(815301076,1909f56bfc062723c751e8b465ee728b)
Start importing Assets/sharebutton.cs using Guid(6ca752925acfb7d4cbc14d8e9833aa88) Importer(815301076,1909f56bfc062723c751e8b465ee728b)  -> (artifact id: '554bb987db07e46ff85a796de3303506') in 0.047261 seconds
  Import took 0.050903 seconds .

========================================================================
Received Import Request.
  Time since last request: 0.000316 seconds.
  path: Assets/scorecalculator.cs
  artifactKey: Guid(3e5ad9cbc593c1b4381337bf29bd8a8b) Importer(815301076,1909f56bfc062723c751e8b465ee728b)
Start importing Assets/scorecalculator.cs using Guid(3e5ad9cbc593c1b4381337bf29bd8a8b) Importer(815301076,1909f56bfc062723c751e8b465ee728b)  -> (artifact id: '50c7d9c9f73525ef38d9c7548d4cab7a') in 0.005819 seconds
  Import took 0.010168 seconds .

========================================================================
Received Import Request.
  Time since last request: 0.000358 seconds.
  path: Assets/playermovement.cs
  artifactKey: Guid(fb0d2702ad34ba7448908de7a0cd9ce8) Importer(815301076,1909f56bfc062723c751e8b465ee728b)
Start importing Assets/playermovement.cs using Guid(fb0d2702ad34ba7448908de7a0cd9ce8) Importer(815301076,1909f56bfc062723c751e8b465ee728b)  -> (artifact id: '6e066db853b98ca7ea4569fd7ef82dfa') in 0.005228 seconds
  Import took 0.013899 seconds .

AssetImportWorkerClient::OnTransportError - code=2 error=End of file
